
Initial statistics: 1 variables; iteration 0; function evaluation 0; phase 1
Function value 2.1732201e+03; maximum gradient component mag 2.6418e+04
Var    Value     Gradient |Var    Value     Gradient |Var    Value     Gradient
  1  0.10913  2.64178e+04 |

 - final statistics:
1 variables; iteration 5; function evaluation 9
Function value 1.0298e+03; maximum gradient component mag 9.1317e-01
Exit code = 1;  converg criter 1.0000e+01
Var    Value     Gradient |Var    Value     Gradient |Var    Value     Gradient
  1  0.02361  9.13167e-01 |

Initial statistics: 45 variables; iteration 0; function evaluation 0; phase 2
Function value 1.0297924e+03; maximum gradient component mag 2.8330e+02
Var    Value     Gradient |Var    Value     Gradient |Var    Value     Gradient
  1  0.02361  9.13167e-01 |  2  0.00000 -5.42184e+01 |  3  0.00000 -4.49043e+01
  4  0.00000 -2.99731e+01 |  5  0.00000 -8.56662e+00 |  6  0.00000  1.92256e+01
  7  0.00000  5.21062e+01 |  8  0.00000  8.79406e+01 |  9  0.00000  1.24312e+02
 10  0.00000  1.59074e+02 | 11  0.00000  1.90829e+02 | 12  0.00000  2.18589e+02
 13  0.00000  2.42261e+02 | 14  0.00000  2.62121e+02 | 15  0.00000  2.77190e+02
 16  0.00000  2.83305e+02 | 17  0.00000  2.73134e+02 | 18  0.00000  2.39796e+02
 19  0.00000  1.81420e+02 | 20  0.00000  1.02244e+02 | 21  0.00000  1.87899e+01
 22  0.00000 -4.26971e+01 | 23  0.00000 -8.21397e+01 | 24  0.00000 -1.23557e+02
 25  0.00000 -1.60434e+02 | 26  0.00000 -1.69897e+02 | 27  0.00000 -1.55645e+02
 28  0.00000 -1.25063e+02 | 29  0.00000 -9.30976e+01 | 30  0.00000 -8.64638e+01
 31  0.00000 -1.27662e+02 | 32  0.00000 -1.71601e+02 | 33  0.00000 -1.62735e+02
 34  0.00000 -1.06650e+02 | 35  0.00000 -3.99957e+01 | 36  0.00000  1.51127e+01
 37  0.00000  2.33104e+01 | 38  0.00000 -2.43583e+01 | 39  0.00000 -9.03730e+01
 40  0.00000 -1.07167e+02 | 41  0.00000 -4.81199e+01 | 42  0.00000  2.90350e+01
 43  0.00000  6.36849e+01 | 44  0.00000  7.15611e+01 | 45  0.00000  6.60449e+01

Intermediate statistics: 45 variables; iteration 20; function evaluation 28; phase 2
Function value 9.4330542e+02; maximum gradient component mag 1.8246e+03
Var    Value     Gradient |Var    Value     Gradient |Var    Value     Gradient
  1  0.05322  1.82462e+03 |  2  0.01344  4.33737e+01 |  3 -0.02836  1.76899e+01
  4 -0.03200  2.74935e+01 |  5 -0.01486  6.91450e+01 |  6 -0.03619  5.61188e+01
  7 -0.06605  2.84311e+01 |  8 -0.03666  9.48383e+01 |  9 -0.05441  7.42028e+01
 10 -0.05870  7.74016e+01 | 11 -0.04049  1.31837e+02 | 12 -0.05236  1.08895e+02
 13 -0.04865  1.25096e+02 | 14 -0.04205  1.51236e+02 | 15 -0.04594  1.46256e+02
 16 -0.04160  1.64014e+02 | 17 -0.04657  1.43211e+02 | 18 -0.04444  1.31259e+02
 19 -0.04188  1.06079e+02 | 20 -0.03472  7.84468e+01 | 21 -0.01120  7.02554e+01
 22 -0.00855  4.24107e+01 | 23 -0.00070  3.87633e+01 | 24 -0.02181  4.22937e+00
 25  0.00637  3.70430e+00 | 26  0.00985  7.26907e+00 | 27  0.01194  1.74815e+01
 28  0.00792  2.12487e+01 | 29 -0.01452  6.77164e+00 | 30 -0.05897 -1.95480e+01
 31 -0.04098 -1.43293e+01 | 32  0.03245  2.98435e+01 | 33  0.04803  6.82038e+01
 34 -0.05679 -1.26673e+01 | 35  0.00001  3.93400e+01 | 36 -0.05143  4.99054e+00
 37 -0.03934  2.11561e+01 | 38 -0.01837  2.84457e+01 | 39  0.00494  1.39017e+01
 40  0.05267  7.60012e+00 | 41 -0.05388 -1.95203e+01 | 42 -0.03790  5.71996e+00
 43 -0.04110  1.07753e+01 | 44 -0.03098  2.66268e+01 | 45 -0.05959  1.78874e+00
45 variables; iteration 40; function evaluation 60; phase 2
Function value 9.2296822e+02; maximum gradient component mag 4.1460e+02
Var    Value     Gradient |Var    Value     Gradient |Var    Value     Gradient
  1  0.05232  4.14595e+02 |  2  0.02586  2.74132e+00 |  3  0.01580  1.58850e+01
  4 -0.02572  4.64634e+00 |  5 -0.03938  6.94551e+00 |  6 -0.05210  7.79752e+00
  7 -0.06225  8.59794e+00 |  8 -0.06924  1.00764e+01 |  9 -0.06477  2.21009e+01
 10 -0.07679  1.20448e+01 | 11 -0.06527  2.76437e+01 | 12 -0.06558  2.63979e+01
 13 -0.07460  1.37728e+01 | 14 -0.06514  2.50836e+01 | 15 -0.06648  2.61274e+01
 16 -0.06851  2.73411e+01 | 17 -0.06236  3.60982e+01 | 18 -0.06213  2.86916e+01
 19 -0.06443  1.11311e+01 | 20 -0.04193  1.18080e+01 | 21 -0.01506  8.48181e+00
 22 -0.00059  1.33796e+01 | 23  0.00072  2.37191e+01 | 24 -0.02312  2.42475e+00
 25  0.01800  1.72056e+01 | 26  0.02029  1.86711e+01 | 27  0.01550  1.65414e+01
 28 -0.00137  8.54172e+00 | 29 -0.01146  6.45772e+00 | 30 -0.03790 -6.70635e+00
 31 -0.01104 -2.17906e+00 | 32  0.02675 -4.96260e+00 | 33  0.03679  3.04361e-01
 34 -0.01729 -9.55877e+00 | 35 -0.02130 -3.75368e+00 | 36 -0.03728  1.68943e+00
 37 -0.04621  1.73852e+00 | 38 -0.03034  4.73292e+00 | 39  0.00310  3.77558e+00
 40  0.05335  1.63815e+01 | 41 -0.02552  2.23783e+00 | 42 -0.04469  5.44788e+00
 43 -0.03154  2.26452e+01 | 44 -0.04298  1.47059e+01 | 45 -0.06110  2.48731e-01

 - final statistics:
45 variables; iteration 55; function evaluation 85
Function value 9.2057e+02; maximum gradient component mag -5.9808e+00
Exit code = 1;  converg criter 1.0000e+01
Var    Value     Gradient |Var    Value     Gradient |Var    Value     Gradient
  1  0.04203  2.45530e+00 |  2  0.08814 -5.98082e+00 |  3  0.00788  2.38795e+00
  4 -0.01727  2.08928e+00 |  5 -0.03386  2.54995e+00 |  6 -0.04819  1.84228e+00
  7 -0.05980  6.94866e-01 |  8 -0.06657  1.19860e+00 |  9 -0.07422 -1.70019e+00
 10 -0.07422 -2.98876e-01 | 11 -0.07489 -2.14280e+00 | 12 -0.07257 -3.55891e+00
 13 -0.06476 -1.42205e+00 | 14 -0.06416 -3.96882e+00 | 15 -0.06567 -4.35733e+00
 16 -0.06945 -3.99277e+00 | 17 -0.07341 -5.29229e+00 | 18 -0.06906 -3.86318e+00
 19 -0.05672 -1.24814e+00 | 20 -0.03589 -1.85567e-01 | 21  0.00025  2.21698e-01
 22  0.00700 -1.00904e+00 | 23 -0.01169 -1.80187e+00 | 24 -0.00160 -8.03570e-02
 25  0.02294 -2.44913e+00 | 26  0.02600 -2.43581e+00 | 27  0.01626 -3.29748e+00
 28  0.00744 -1.97550e-01 | 29 -0.00969  1.36343e+00 | 30 -0.02043  2.71141e+00
 31 -0.00697  2.04028e+00 | 32  0.04090  3.17937e+00 | 33  0.03129  2.26294e+00
 34  0.00527  2.09923e+00 | 35 -0.01546  1.89742e-02 | 36 -0.03521  2.52257e-01
 37 -0.04337 -8.07171e-01 | 38 -0.02952 -4.10090e-01 | 39  0.01474 -1.55712e-01
 40  0.05314 -2.77340e+00 | 41 -0.01389  8.28823e-01 | 42 -0.04233 -1.15567e+00
 43 -0.04933 -3.05370e+00 | 44 -0.05588 -3.84521e+00 | 45 -0.05371  3.06336e+00

Initial statistics: 49 variables; iteration 0; function evaluation 0; phase 3
Function value 9.2057063e+02; maximum gradient component mag -2.5839e+04
Var    Value     Gradient |Var    Value     Gradient |Var    Value     Gradient
  1 -0.73092 -1.90417e+01 |  2  0.04203  2.45530e+00 |  3  0.08814 -5.98082e+00
  4  0.00788  2.38795e+00 |  5 -0.01727  2.08928e+00 |  6 -0.03386  2.54995e+00
  7 -0.04819  1.84228e+00 |  8 -0.05980  6.94866e-01 |  9 -0.06657  1.19860e+00
 10 -0.07422 -1.70019e+00 | 11 -0.07422 -2.98876e-01 | 12 -0.07489 -2.14280e+00
 13 -0.07257 -3.55891e+00 | 14 -0.06476 -1.42205e+00 | 15 -0.06416 -3.96882e+00
 16 -0.06567 -4.35733e+00 | 17 -0.06945 -3.99277e+00 | 18 -0.07341 -5.29229e+00
 19 -0.06906 -3.86318e+00 | 20 -0.05672 -1.24814e+00 | 21 -0.03589 -1.85567e-01
 22  0.00025  2.21698e-01 | 23  0.00700 -1.00904e+00 | 24 -0.01169 -1.80187e+00
 25 -0.00160 -8.03570e-02 | 26  0.02294 -2.44913e+00 | 27  0.02600 -2.43581e+00
 28  0.01626 -3.29748e+00 | 29  0.00744 -1.97550e-01 | 30 -0.00969  1.36343e+00
 31 -0.02043  2.71141e+00 | 32 -0.00697  2.04028e+00 | 33  0.04090  3.17937e+00
 34  0.03129  2.26294e+00 | 35  0.00527  2.09923e+00 | 36 -0.01546  1.89742e-02
 37 -0.03521  2.52257e-01 | 38 -0.04337 -8.07171e-01 | 39 -0.02952 -4.10090e-01
 40  0.01474 -1.55712e-01 | 41  0.05314 -2.77340e+00 | 42 -0.01389  8.28823e-01
 43 -0.04233 -1.15567e+00 | 44 -0.04933 -3.05370e+00 | 45 -0.05588 -3.84521e+00
 46 -0.05371  3.06336e+00 | 47  0.33619  2.17973e+04 | 48  0.33619  3.92376e+03
 49  0.33619 -2.58390e+04 |

Intermediate statistics: 49 variables; iteration 20; function evaluation 35; phase 3
Function value 5.0577753e+02; maximum gradient component mag -1.2927e+04
Var    Value     Gradient |Var    Value     Gradient |Var    Value     Gradient
  1 -1.21183 -4.58201e+01 |  2  0.37224  5.83400e+02 |  3  0.27231  6.33872e+02
  4 -0.00960  5.75379e+00 |  5 -0.00346  1.21325e+01 |  6  0.00403  2.04449e+01
  7  0.01131  2.96858e+01 |  8  0.01693  3.81489e+01 |  9  0.02001  4.38669e+01
 10  0.02439  4.94749e+01 | 11  0.02654  5.00151e+01 | 12  0.03154  4.85852e+01
 13  0.03695  4.01194e+01 | 14  0.02188  1.32822e+01 | 15 -0.01202 -1.27616e+01
 16 -0.04793 -2.96946e+01 | 17 -0.04410 -3.12796e+01 | 18  0.01474 -2.59731e+01
 19 -0.01802 -2.65788e+01 | 20 -0.05584 -3.27078e+01 | 21 -0.06356 -3.24581e+01
 22  0.12150 -2.43864e+00 | 23 -0.03942 -1.98976e+01 | 24  0.00276 -1.13269e+00
 25  0.10508  5.12131e+00 | 26  0.00493 -1.83129e+01 | 27 -0.15531 -6.70552e+01
 28  0.10251  1.17185e+01 | 29  0.03126  1.95178e+01 | 30  0.02848  2.65325e+01
 31  0.00244  1.19143e+01 | 32  0.07622  3.53026e+01 | 33 -0.16272 -6.88177e+01
 34  0.12684  2.85332e+01 | 35 -0.02276 -1.43556e+01 | 36 -0.00530 -1.18440e+01
 37  0.00211  1.41430e-01 | 38  0.00340  1.41821e+01 | 39  0.01494  2.51464e+01
 40  0.06764  5.98675e+01 | 41  0.11877  1.05720e+02 | 42  0.00235  1.31863e+01
 43 -0.01312  6.70614e+00 | 44 -0.01059  6.68248e+00 | 45 -0.01852  4.69174e+00
 46 -0.03605 -1.19838e+00 | 47  0.19672  8.74382e+03 | 48  0.22654  6.79784e+03
 49  0.22561 -1.29272e+04 |
49 variables; iteration 40; function evaluation 69; phase 3
Function value 3.6526325e+02; maximum gradient component mag -1.5620e+03
Var    Value     Gradient |Var    Value     Gradient |Var    Value     Gradient
  1 -1.04467 -2.11259e+00 |  2  0.23422 -4.83737e+02 |  3  0.20671 -1.19092e+02
  4 -0.01450 -1.24627e+01 |  5  0.00071 -5.82158e+00 |  6 -0.01441 -9.58170e+00
  7 -0.01852 -9.58741e+00 |  8 -0.02682 -1.17397e+01 |  9 -0.02741 -1.09997e+01
 10 -0.02880 -1.10748e+01 | 11 -0.03005 -1.15356e+01 | 12 -0.02136 -7.59000e+00
 13 -0.00033  2.48430e+00 | 14  0.03902  2.45900e+01 | 15 -0.02558 -5.89120e+00
 16 -0.03536 -7.07380e+00 | 17 -0.03812 -4.35526e+00 | 18 -0.01179  1.74873e+01
 19 -0.01646  1.22335e+01 | 20 -0.00931  9.55324e+00 | 21 -0.02752 -1.10950e+01
 22  0.05775 -1.57984e+00 | 23  0.01426 -9.17925e+00 | 24  0.00575 -8.89392e+00
 25  0.04555 -1.73733e+01 | 26 -0.02997 -2.97236e+01 | 27  0.01955 -2.01808e+01
 28  0.06432 -1.28650e+01 | 29 -0.04804 -2.90308e+01 | 30 -0.01270 -2.11329e+01
 31 -0.02191 -2.29741e+01 | 32  0.02866 -3.99017e+01 | 33 -0.03607 -3.95193e+01
 34  0.07954 -7.83542e+01 | 35 -0.02872 -3.21015e+01 | 36 -0.05409 -3.67886e+01
 37 -0.02377 -1.97772e+01 | 38 -0.03078 -1.36222e+01 | 39 -0.01637 -1.42769e+01
 40  0.01743 -2.30096e+01 | 41  0.06393 -1.90957e+01 | 42 -0.00095  7.07829e+00
 43 -0.04262 -3.28752e+00 | 44 -0.04219 -7.46662e-01 | 45 -0.04911 -2.31025e+00
 46 -0.05526 -2.59859e+00 | 47  0.23486  3.06798e+02 | 48  0.26659 -5.23046e+02
 49  0.27980 -1.56199e+03 |
Maximum number of function evaluations exceeded

 - final statistics:
49 variables; iteration 57; function evaluation 100
Function value 3.5943e+02; maximum gradient component mag -4.4421e+02
Exit code = 3;  converg criter 1.0000e+00
Var    Value     Gradient |Var    Value     Gradient |Var    Value     Gradient
  1 -1.00559 -3.23647e-01 |  2  0.17673 -2.15340e+02 |  3  0.18889 -6.10521e+01
  4  0.00275 -5.36328e+00 |  5  0.00340 -3.02479e+00 |  6 -0.00615 -4.39806e+00
  7 -0.01201 -4.71126e+00 |  8 -0.01505 -4.25488e+00 |  9 -0.01257 -1.69392e+00
 10 -0.01826 -3.96872e+00 | 11 -0.01490 -2.53794e+00 | 12 -0.01079 -1.37816e+00
 13 -0.01363 -3.71396e+00 | 14 -0.01802 -5.76815e+00 | 15 -0.01416 -1.61887e+00
 16 -0.01841  1.05925e+00 | 17 -0.02865  1.25236e-01 | 18 -0.04276 -6.42815e+00
 19 -0.03449 -2.60095e+00 | 20 -0.02896 -4.53846e+00 | 21 -0.00992 -4.75230e+00
 22  0.04653 -6.49760e+00 | 23  0.01052 -1.24189e+01 | 24 -0.01210 -1.43222e+01
 25  0.03189 -1.11070e+01 | 26 -0.02246 -2.37263e+01 | 27  0.04149 -1.04918e+01
 28  0.02578 -7.88647e+00 | 29 -0.01881 -1.80691e+01 | 30 -0.01514 -1.23904e+01
 31 -0.02645 -1.06012e+01 | 32  0.01344 -2.88217e+00 | 33  0.02055 -1.09693e+01
 34  0.05370  9.36706e+00 | 35 -0.00709 -7.87942e-01 | 36 -0.01622  5.11603e-01
 37 -0.03347  6.41392e-01 | 38 -0.04864 -5.70976e+00 | 39 -0.01878  4.63393e+00
 40  0.04920 -4.96484e+00 | 41  0.02441 -2.51347e+01 | 42 -0.00551 -5.93840e+00
 43 -0.03374  5.22492e-01 | 44 -0.04314  2.64418e-02 | 45 -0.05346 -2.84458e+00
 46 -0.04382  9.50869e+00 | 47  0.25282  1.13616e+00 | 48  0.28506 -3.24022e+02
 49  0.29907 -4.44207e+02 |

Initial statistics: 81 variables; iteration 0; function evaluation 0; phase 4
Function value 3.6915551e+02; maximum gradient component mag -4.4421e+02
Var    Value     Gradient |Var    Value     Gradient |Var    Value     Gradient
  1 -0.99441  3.23647e-01 |  2  0.17673 -2.15340e+02 |  3 -0.00000  8.75457e+00
  4  0.18889 -6.10521e+01 |  5  0.00275 -5.36328e+00 |  6  0.00340 -3.02479e+00
  7 -0.00615 -4.39806e+00 |  8 -0.01201 -4.71126e+00 |  9 -0.01505 -4.25488e+00
 10 -0.01257 -1.69392e+00 | 11 -0.01826 -3.96872e+00 | 12 -0.01490 -2.53794e+00
 13 -0.01079 -1.37816e+00 | 14 -0.01363 -3.71396e+00 | 15 -0.01802 -5.76815e+00
 16 -0.01416 -1.61887e+00 | 17 -0.01841  1.05925e+00 | 18 -0.02865  1.25236e-01
 19 -0.04276 -6.42815e+00 | 20 -0.03449 -2.60095e+00 | 21 -0.02896 -4.53846e+00
 22 -0.00992 -4.75230e+00 | 23  0.04653 -6.49760e+00 | 24  0.01052 -1.24189e+01
 25 -0.01210 -1.43222e+01 | 26  0.03189 -1.11070e+01 | 27 -0.02246 -2.37263e+01
 28  0.04149 -1.04918e+01 | 29  0.02578 -7.88647e+00 | 30 -0.01881 -1.80691e+01
 31 -0.01514 -1.23904e+01 | 32 -0.02645 -1.06012e+01 | 33  0.01344 -2.88217e+00
 34  0.02055 -1.09693e+01 | 35  0.05370  9.36706e+00 | 36 -0.00709 -7.87942e-01
 37 -0.01622  5.11603e-01 | 38 -0.03347  6.41392e-01 | 39 -0.04864 -5.70976e+00
 40 -0.01878  4.63393e+00 | 41  0.04920 -4.96484e+00 | 42  0.02441 -2.51347e+01
 43 -0.00551 -5.93840e+00 | 44 -0.03374  5.22492e-01 | 45 -0.04314  2.64418e-02
 46 -0.05346 -2.84458e+00 | 47 -0.04382  9.50869e+00 | 48  0.25282  1.13616e+00
 49  0.28506 -3.24022e+02 | 50  0.29907 -4.44207e+02 | 51 -0.45229 -2.32921e+02
 52 -0.28197  1.01247e+02 | 53 -0.45229 -3.65383e+02 | 54 -0.28197  1.15427e+02
 55 -0.45229  1.98104e+02 | 56 -0.28197  2.98007e+02 | 57  0.00818 -7.88106e+01
 58  0.00818 -6.11983e+01 | 59  0.00818 -9.60554e+01 | 60  0.12081  3.83290e+01
 61  0.12081  3.14517e+01 | 62  0.12081  3.15716e+01 | 63  0.00818 -1.74146e+01
 64  0.00818 -7.37004e+01 | 65  0.00818 -6.70529e+01 | 66  0.00818 -6.75148e+01
 67  0.00818 -6.88193e+01 | 68  0.00818 -3.84670e+01 | 69  0.12081  2.34065e+01
 70  0.12081  3.89886e+01 | 71  0.12081  1.82402e+01 | 72  0.12081  1.61291e+01
 73  0.12081  1.22586e+01 | 74  0.12081  1.23229e+01 | 75  0.00818 -9.10633e+00
 76  0.00818  2.55979e+01 | 77  0.00818  4.48554e+01 | 78  0.00818  4.81770e+01
 79  0.00818 -1.90218e+00 | 80  0.00818  4.05388e+01 | 81  0.00818  4.07089e+01

Intermediate statistics: 81 variables; iteration 20; function evaluation 26; phase 4
Function value 1.9599690e+02; maximum gradient component mag -2.6452e+03
Var    Value     Gradient |Var    Value     Gradient |Var    Value     Gradient
  1 -1.00405 -5.95636e-01 |  2 -0.09543 -3.84479e+02 |  3 -0.13966  4.96785e-01
  4  0.08110  3.55118e+00 |  5  0.06603  9.10965e+00 |  6  0.03670  7.73911e+00
  7  0.01975  6.00893e+00 |  8 -0.00127  6.73683e-01 |  9 -0.02073 -5.93255e+00
 10 -0.03526 -1.20215e+01 | 11 -0.04255 -1.61766e+01 | 12 -0.04865 -2.11177e+01
 13 -0.04998 -2.52546e+01 | 14 -0.04723 -2.85543e+01 | 15 -0.05510 -3.21456e+01
 16 -0.06436 -3.24419e+01 | 17 -0.07172 -3.10446e+01 | 18 -0.06718 -3.14974e+01
 19 -0.06645 -3.44168e+01 | 20 -0.06522 -3.00797e+01 | 21 -0.05883 -2.51070e+01
 22 -0.04001 -1.70913e+01 | 23  0.01317  1.72331e+01 | 24 -0.02987  5.84462e+00
 25 -0.01019 -9.10229e-01 | 26 -0.05861 -2.63745e+01 | 27  0.06204 -5.21350e+00
 28 -0.13004 -5.94535e+01 | 29 -0.11059 -5.45587e+01 | 30  0.03849 -4.05523e+01
 31 -0.05457 -3.06291e+01 | 32 -0.02939 -1.72241e+01 | 33 -0.03799 -1.92265e+01
 34  0.08291  1.32002e+01 | 35 -0.02216 -1.85381e+01 | 36  0.03930 -1.94793e+01
 37 -0.04315 -2.88486e+01 | 38 -0.04070 -2.15371e+01 | 39 -0.01196 -9.46254e+00
 40 -0.00246 -1.54200e+01 | 41  0.03202 -1.49375e+01 | 42  0.13587 -1.56784e+01
 43 -0.01098 -5.36518e+00 | 44  0.00357  2.95279e+00 | 45  0.01158  5.29164e+00
 46  0.00314  5.11691e+00 | 47 -0.00778  2.96790e+00 | 48  0.34628  8.22924e+02
 49  0.38290 -2.64524e+03 | 50  0.39141  2.23607e+02 | 51 -0.55019 -1.22613e+02
 52 -0.78285 -6.48200e-01 | 53 -0.15783  2.51644e+02 | 54 -0.38118 -9.98113e+01
 55 -0.50782 -6.32336e+01 | 56 -0.57086 -1.16117e+01 | 57  0.24002  9.61396e+00
 58  0.09316 -3.16615e+01 | 59  0.16035 -7.84708e+01 | 60 -0.23249 -3.14376e+00
 61 -0.02619 -2.43850e+00 | 62  0.15512  3.25896e-01 | 63 -0.20859  2.57606e+00
 64 -0.13999  4.16970e+01 | 65  0.04427  5.53743e+01 | 66  0.11164  7.82176e+01
 67  0.15487  1.11111e+02 | 68  0.09680  5.17791e+01 | 69 -0.19034 -9.44806e-02
 70 -0.22007 -1.17585e+01 | 71  0.24013 -2.05478e+01 | 72  0.18017 -1.95348e+01
 73  0.36305 -2.39029e+01 | 74  0.15905 -1.29857e+01 | 75  0.05640 -6.50124e+00
 76 -0.03303 -6.41246e+00 | 77 -0.05438 -2.04275e+01 | 78 -0.05532 -1.10177e+01
 79  0.04614 -1.29396e+01 | 80  0.06183  8.53093e+00 | 81  0.01639 -3.43917e+00
81 variables; iteration 40; function evaluation 48; phase 4
Function value 1.8126641e+02; maximum gradient component mag 2.0201e+03
Var    Value     Gradient |Var    Value     Gradient |Var    Value     Gradient
  1 -1.01894 -2.74208e+00 |  2 -0.22377  4.77084e+02 |  3 -0.18200  5.21438e+00
  4  0.04970  6.17890e+01 |  5  0.16428  3.23401e+02 |  6  0.04877  6.93156e+01
  7  0.03219  5.35296e+01 |  8 -0.00250  2.22979e+01 |  9 -0.02573  4.23950e+00
 10 -0.03269 -2.46253e+00 | 11 -0.04016 -1.04406e+01 | 12 -0.04454 -1.77357e+01
 13 -0.04773 -2.57033e+01 | 14 -0.02564 -2.94473e+01 | 15 -0.05775 -4.19743e+01
 16 -0.06601 -4.69007e+01 | 17 -0.09016 -4.71822e+01 | 18  0.00494 -2.03486e+01
 19 -0.09116 -4.31023e+01 | 20 -0.08822 -4.16125e+01 | 21 -0.08144 -3.75114e+01
 22  0.03199  1.25253e+01 | 23  0.03961  1.88719e+01 | 24 -0.05385 -2.06668e+01
 25  0.05419  7.77256e+01 | 26 -0.13916 -5.52366e+01 | 27  0.09960  2.08613e+02
 28 -0.18739 -7.64468e+01 | 29 -0.13894 -5.92771e+01 | 30  0.04964 -8.37126e+00
 31 -0.02956 -2.47091e+01 | 32 -0.01510 -2.12765e+01 | 33 -0.03682 -2.74304e+01
 34  0.09338 -4.70929e+01 | 35 -0.02794 -2.42973e+01 | 36  0.06314 -1.32607e+01
 37 -0.06617 -3.13227e+01 | 38 -0.03616 -9.22395e+00 | 39  0.01765  3.67442e+01
 40  0.04082  4.25609e+01 | 41 -0.01956 -7.47439e+00 | 42  0.14173  6.71510e+01
 43 -0.04135 -1.58153e+01 | 44 -0.01297 -2.12742e+00 | 45 -0.00587 -3.40705e-02
 46 -0.01484 -1.21993e-01 | 47 -0.02592 -8.65199e-01 | 48  0.38449 -3.51611e+02
 49  0.42247 -1.80522e+03 | 50  0.43088  2.02008e+03 | 51 -0.53910  8.29347e+01
 52 -0.98490 -7.34707e-01 | 53  0.00337  9.77580e+01 | 54 -0.35629 -3.81559e+01
 55 -0.48409 -1.24363e+02 | 56 -0.47605  7.84396e+01 | 57  0.25707  1.04828e+02
 58  0.21411 -3.53301e+00 | 59  0.27627 -3.67211e+01 | 60 -0.82711 -2.33359e+00
 61  0.68771  2.49581e+00 | 62  1.09213 -7.53921e-02 | 63 -0.40977 -1.25434e+01
 64 -0.26183  5.15240e+00 | 65 -0.04944  3.60462e+01 | 66  0.01453  4.54840e+01
 67  0.05057  7.52148e+01 | 68 -0.00273  1.59853e+01 | 69 -0.81196 -2.03443e+00
 70 -0.20000 -6.24021e+00 | 71  0.24727 -1.68420e+01 | 72  0.23542 -5.74416e+00
 73  0.38717 -5.31727e+00 | 74  0.23012  2.29140e+00 | 75  0.04401 -2.62056e+01
 76 -0.01065  9.66015e+00 | 77 -0.03486  9.53706e-01 | 78 -0.03235 -2.62102e+00
 79  0.03058 -4.03591e+01 | 80  0.01761 -2.60580e+01 | 81 -0.05119 -9.70868e+00
81 variables; iteration 60; function evaluation 70; phase 4
Function value 1.5999548e+02; maximum gradient component mag -1.2731e+03
Var    Value     Gradient |Var    Value     Gradient |Var    Value     Gradient
  1 -1.06984 -2.45967e+00 |  2 -0.25420 -3.67757e+02 |  3  0.03948  8.47786e+00
  4  0.04944  1.83649e+01 |  5  0.17612  6.11486e+01 |  6  0.04021  1.74891e+01
  7  0.03053  1.46837e+01 |  8  0.04897  2.44739e+01 |  9  0.01630  8.52334e+00
 10  0.00761  2.54479e+00 | 11 -0.00133 -4.53708e+00 | 12  0.00050 -9.15695e+00
 13 -0.01576 -1.97105e+01 | 14  0.02900 -2.53198e+01 | 15 -0.05908 -3.75953e+01
 16 -0.02626 -3.14959e+01 | 17 -0.04192 -3.14033e+01 | 18  0.01614 -3.37651e+01
 19 -0.10382 -5.30548e+01 | 20 -0.08797 -4.78243e+01 | 21 -0.04428 -3.02442e+01
 22  0.03429  6.82116e+00 | 23  0.08101  3.23404e+01 | 24 -0.09164 -4.10299e+01
 25  0.03441  4.18831e+00 | 26 -0.17928 -7.48196e+01 | 27  0.09990  2.82628e+01
 28 -0.09740 -4.49609e+01 | 29 -0.14561 -6.47446e+01 | 30  0.03914 -3.31162e+01
 31 -0.00098 -7.21914e+00 | 32 -0.00231  5.10685e+00 | 33 -0.01296 -3.61367e+00
 34  0.09440  6.46015e+00 | 35 -0.04714 -2.86805e+01 | 36  0.05769 -2.95442e+01
 37 -0.05981 -3.28106e+01 | 38 -0.02724 -1.15676e+01 | 39  0.00514  1.16602e+01
 40  0.03019  1.17743e+01 | 41  0.01933 -9.00947e+00 | 42  0.12974 -3.71221e+01
 43 -0.01538 -1.21797e+01 | 44 -0.01143 -9.41811e+00 | 45  0.00524 -3.61094e+00
 46  0.01133  5.60732e+00 | 47 -0.00176  5.23792e+00 | 48  0.38901 -8.56048e+02
 49  0.43097 -1.27308e+03 | 50  0.43689  1.01558e+02 | 51 -0.62666 -4.50621e+01
 52 -1.39192 -1.39748e+00 | 53  0.01891  6.56167e+00 | 54 -0.26951  7.39951e+00
 55 -0.42644 -7.28225e+00 | 56 -0.54794 -3.58917e+00 | 57  0.37792 -2.81740e+00
 58  0.41438  3.52389e+00 | 59  0.38914 -2.13368e+01 | 60 -0.13643 -2.47515e+00
 61  1.57805 -1.43420e+01 | 62  1.81875  1.41096e+01 | 63 -0.40619 -1.05331e+01
 64 -0.26903 -2.66779e+01 | 65 -0.03418  3.33864e+00 | 66  0.01540  4.27554e+01
 67 -0.01099  5.88423e+00 | 68 -0.03128 -5.38833e+00 | 69 -1.25549  2.38621e+00
 70 -0.22049  1.68994e+00 | 71  0.26290  4.23927e+00 | 72  0.19771 -7.22880e-02
 73  0.20035 -5.79763e+00 | 74  0.13209  6.39929e+00 | 75 -0.01637 -1.17603e+01
 76 -0.10652 -3.03545e-01 | 77 -0.11138  4.34735e-01 | 78 -0.10962  9.08490e-01
 79 -0.03105 -4.76309e+00 | 80 -0.06274 -1.39422e+01 | 81 -0.03563  2.62499e+01
81 variables; iteration 80; function evaluation 98; phase 4
Function value 1.3710811e+02; maximum gradient component mag -6.3309e+02
Var    Value     Gradient |Var    Value     Gradient |Var    Value     Gradient
  1 -1.35323 -4.87313e+01 |  2 -0.28334  5.62964e+02 |  3 -0.04731  5.59021e-01
  4  0.01006  2.57854e+01 |  5  0.17825  3.78619e+02 |  6  0.06175  8.42033e+01
  7  0.00579  2.86509e+01 |  8  0.03394  5.86297e+01 |  9  0.01486  4.06081e+01
 10  0.01671  4.27424e+01 | 11  0.01087  3.60854e+01 | 12 -0.00618  1.95286e+01
 13 -0.01619  9.78945e+00 | 14  0.07381  9.32813e+01 | 15 -0.01903  6.00479e+00
 16 -0.00544  2.02542e+01 | 17 -0.04744 -3.52842e+00 | 18  0.01962  5.51698e+01
 19 -0.05718 -1.91052e+01 | 20 -0.02607 -3.75202e+00 | 21 -0.02724 -2.71505e+00
 22  0.03469  3.81144e+01 | 23  0.09125  4.76477e+01 | 24 -0.14261 -6.16901e+01
 25  0.03830 -1.20351e+01 | 26 -0.18079 -7.59561e+01 | 27  0.09763 -1.37017e+00
 28 -0.04576 -2.56882e+01 | 29 -0.03315 -2.58414e+01 | 30  0.05630 -1.86213e+01
 31 -0.00847 -1.07294e+01 | 32 -0.01136 -3.52927e+00 | 33 -0.01979 -5.94690e+00
 34  0.09526  3.04785e+01 | 35 -0.12240 -5.35863e+01 | 36  0.07240  1.00205e+01
 37 -0.01336 -9.24964e+00 | 38 -0.01912 -5.98788e+00 | 39 -0.00281  4.65445e-01
 40 -0.01890 -1.46081e+01 | 41  0.01835 -1.21832e+01 | 42  0.13526 -3.76496e+01
 43 -0.00214 -7.93606e+00 | 44  0.01218  1.39240e+00 | 45 -0.00002 -1.79627e+00
 46 -0.03020 -1.05552e+01 | 47 -0.02298  1.89906e-01 | 48  0.40007 -1.05424e+02
 49  0.44282 -6.33093e+02 | 50  0.44606 -3.75745e+01 | 51 -0.64644 -1.20605e+01
 52 -1.32681  2.75992e+01 | 53 -0.03778 -1.39995e+01 | 54 -0.27984  3.17432e+01
 55 -0.46036 -2.13982e+01 | 56 -0.53255  1.48636e+01 | 57  0.38880 -1.07830e+01
 58  0.42557  4.27604e+01 | 59  0.45725 -3.32011e+01 | 60 -0.47559 -4.22139e+00
 61  1.69883  1.19537e+01 | 62  1.54686  2.24458e+00 | 63 -0.29556 -1.35853e+01
 64 -0.18927 -3.03831e+00 | 65  0.01085 -2.37669e+01 | 66  0.02337  7.94206e+00
 67  0.01340 -1.14857e+01 | 68  0.00668  1.81758e+01 | 69 -1.83822 -4.93834e+00
 70 -0.07555  3.87849e+00 | 71  0.35732  2.07462e+01 | 72  0.17078  1.98285e+00
 73  0.21186 -1.47125e+00 | 74  0.12256 -1.08881e+00 | 75  0.04218  2.49106e+01
 76 -0.07641  5.72476e-02 | 77 -0.12795 -2.44825e+01 | 78 -0.07989  3.02606e+00
 79 -0.00133 -1.75533e+00 | 80 -0.01750  3.11796e+00 | 81 -0.12533 -1.22265e+01
81 variables; iteration 100; function evaluation 127; phase 4
Function value 8.7909246e+01; maximum gradient component mag 1.3400e+03
Var    Value     Gradient |Var    Value     Gradient |Var    Value     Gradient
  1 -1.51301 -7.12552e+01 |  2 -0.29325  1.33999e+03 |  3  0.15693  1.98354e+01
  4 -0.13998 -5.52173e+01 |  5  0.13890  4.05365e+02 |  6 -0.02979  1.40313e+01
  7 -0.02560  1.95402e+01 |  8 -0.01599  3.08349e+01 |  9 -0.00748  4.17373e+01
 10 -0.00946  4.03573e+01 | 11  0.00996  6.51931e+01 | 12  0.00442  5.74890e+01
 13  0.01565  7.21011e+01 | 14  0.08516  2.29038e+02 | 15  0.00315  5.78674e+01
 16  0.01039  7.45637e+01 | 17 -0.01615  4.12830e+01 | 18 -0.01046  4.21816e+01
 19 -0.00549  3.97556e+01 | 20  0.03585  8.90925e+01 | 21  0.00576  4.83982e+01
 22 -0.03740  4.67113e+00 | 23  0.10116  1.71921e+02 | 24 -0.00807  1.08663e+01
 25  0.01673  2.74224e+01 | 26 -0.00458  9.72812e+00 | 27  0.05076  4.15225e+01
 28  0.00047  8.95163e+00 | 29  0.01453  1.69073e+01 | 30  0.03078  2.94879e+01
 31 -0.00547  1.16047e+01 | 32 -0.01574  8.25827e+00 | 33 -0.01863 -3.01983e+00
 34  0.05863 -8.00978e+00 | 35 -0.03012 -2.37343e+01 | 36  0.05347  1.12660e+01
 37 -0.01084 -1.93866e-01 | 38 -0.01920  6.76063e+00 | 39 -0.02833  2.90899e+00
 40 -0.00840  6.06188e+00 | 41  0.01068  1.85104e+00 | 42  0.12073  6.51138e+00
 43  0.01034 -1.98707e+00 | 44  0.01852  4.54158e+00 | 45  0.00444 -2.31412e-01
 46 -0.00508  2.59928e-04 | 47 -0.00668  5.61600e+00 | 48  0.42196  1.20142e+02
 49  0.45790 -6.39854e+01 | 50  0.46017 -2.24127e+02 | 51 -0.54435 -1.38578e+01
 52 -1.63566 -1.01305e+00 | 53 -0.09535 -1.32622e+01 | 54 -0.42540 -6.19090e-01
 55 -0.45436  6.80246e+00 | 56 -0.56195 -5.13583e+00 | 57  0.28853 -1.78365e+01
 58  0.34060  5.21157e+00 | 59  0.44283  1.52285e+00 | 60 -0.35020 -3.18258e+00
 61  1.92778  1.06303e+00 | 62  1.72483 -2.72450e+00 | 63 -0.25468 -2.21322e+00
 64 -0.16822 -4.15545e+00 | 65 -0.01244  3.19537e-02 | 66  0.01887 -7.24874e-01
 67  0.02995 -9.02283e+00 | 68  0.00422 -7.72477e+00 | 69 -1.86381 -5.13395e-02
 70  0.02172  2.21213e+00 | 71  0.31131 -3.01980e+00 | 72  0.21443 -4.04747e-01
 73  0.30403  1.28798e+00 | 74  0.14797  6.95031e-01 | 75 -0.01326 -6.23928e+00
 76 -0.09406  4.64990e-01 | 77 -0.09766  5.42992e+00 | 78 -0.09060  1.59490e+00
 79 -0.01651 -4.44762e+00 | 80 -0.01976 -1.20882e+00 | 81 -0.06925 -3.56817e+00
81 variables; iteration 120; function evaluation 148; phase 4
Function value 7.3616256e+01; maximum gradient component mag 2.8114e+02
Var    Value     Gradient |Var    Value     Gradient |Var    Value     Gradient
  1 -1.57224 -6.10293e+00 |  2 -0.28953  2.81136e+02 |  3  0.18597  1.54884e+01
  4 -0.09914 -3.98086e+01 |  5  0.08987  9.85112e+01 |  6 -0.01343  6.29818e+00
  7 -0.01232  6.96634e+00 |  8 -0.00571  1.05822e+01 |  9 -0.00374  1.02292e+01
 10  0.00026  1.02705e+01 | 11  0.01413  1.60681e+01 | 12  0.01118  1.26696e+01
 13  0.01701  1.52748e+01 | 14  0.06829  4.87153e+01 | 15  0.00228  1.03151e+01
 16 -0.01120  6.95701e+00 | 17 -0.01375  7.74058e+00 | 18 -0.00593  9.61503e+00
 19  0.00291  8.80403e+00 | 20  0.00166  2.59647e+00 | 21 -0.00349 -2.77246e+00
 22 -0.00145 -5.61230e+00 | 23  0.06241 -3.82857e+00 | 24  0.03688 -6.41935e+00
 25  0.01774  9.20624e+00 | 26  0.01509  1.75250e+01 | 27  0.03767  3.00208e+01
 28  0.01454  1.45496e+01 | 29  0.01562  1.05834e+01 | 30  0.02835  1.28418e+01
 31  0.00426  8.09752e+00 | 32 -0.02141  7.34054e-01 | 33 -0.00867  3.50995e+00
 34  0.04213  9.94282e+00 | 35  0.01965  2.14866e+00 | 36  0.03411  1.63370e+01
 37 -0.00908  1.39317e-01 | 38 -0.02710  2.09325e+00 | 39 -0.03390  2.64050e+00
 40 -0.02731  1.29676e+00 | 41  0.02875  1.91059e+01 | 42  0.10193  1.40699e+01
 43  0.03117  2.99548e+00 | 44  0.00589 -4.44031e-01 | 45  0.00078 -1.96759e+00
 46 -0.00824 -1.68215e+00 | 47 -0.01876 -6.16241e-01 | 48  0.42934 -8.65201e+01
 49  0.46836 -5.72455e+01 | 50  0.46628  1.75916e+02 | 51 -0.40012 -4.39200e+00
 52 -1.50489  1.44914e+01 | 53 -0.18944 -2.38727e+00 | 54 -0.33989 -1.78968e+00
 55 -0.45171 -7.88876e+00 | 56 -0.56330 -1.25216e+00 | 57  0.15179 -7.96717e+00
 58  0.13727 -7.70616e+00 | 59  0.21774  5.89974e+00 | 60 -0.03259  2.86072e+00
 61  1.85792  7.01748e+00 | 62  1.68119  5.63636e+00 | 63 -0.16513 -6.35650e+00
 64 -0.06547  1.26367e+00 | 65  0.08623  4.08364e+00 | 66  0.10140  5.20352e+00
 67  0.11655 -2.35465e+00 | 68  0.09125 -3.65469e+00 | 69 -1.81270  4.70439e-02
 70 -0.00926  1.09203e+00 | 71  0.25359 -1.76297e+00 | 72  0.13489 -2.55026e+00
 73  0.22070 -5.90203e-01 | 74  0.09345  1.12299e-01 | 75 -0.01293 -4.25113e+00
 76 -0.08870  2.77284e+00 | 77 -0.10449  1.00904e+00 | 78 -0.09444  1.53884e-01
 79 -0.01585  1.68186e+00 | 80 -0.02573 -7.10437e+00 | 81 -0.06352 -1.56090e+00
81 variables; iteration 140; function evaluation 169; phase 4
Function value 6.7255144e+01; maximum gradient component mag 7.2812e+02
Var    Value     Gradient |Var    Value     Gradient |Var    Value     Gradient
  1 -1.58652 -3.04945e+01 |  2 -0.28258  7.28116e+02 |  3  0.05851  1.34961e+01
  4 -0.01064  2.59946e+01 |  5  0.04159  9.01963e+01 |  6 -0.02003  1.93468e+01
  7 -0.01719  2.22214e+01 |  8 -0.01532  2.35701e+01 |  9 -0.01009  2.71143e+01
 10 -0.00536  2.97420e+01 | 11  0.00485  3.81562e+01 | 12  0.00483  3.66710e+01
 13  0.00949  3.86151e+01 | 14  0.04725  7.87346e+01 | 15  0.00214  3.15685e+01
 16 -0.00591  2.87540e+01 | 17 -0.01173  2.33759e+01 | 18 -0.00618  2.31386e+01
 19  0.00083  2.33714e+01 | 20  0.01175  2.80018e+01 | 21  0.00163  1.95012e+01
 22 -0.00160  1.39059e+01 | 23  0.07635  5.53164e+01 | 24  0.03932  1.95704e+01
 25  0.02028  1.68760e+01 | 26  0.01825  1.30216e+01 | 27  0.03125  1.02823e+01
 28  0.03292  1.17588e+01 | 29  0.03157  1.05755e+01 | 30  0.03027  7.20259e+00
 31  0.01137  6.71127e+00 | 32 -0.01175  4.56930e+00 | 33 -0.00606  5.59553e+00
 34  0.04455  1.58989e+01 | 35  0.03196  7.95602e+00 | 36  0.02446  8.24064e+00
 37  0.00324  3.40873e+00 | 38 -0.02537  1.17373e+00 | 39 -0.03121  1.31437e+00
 40 -0.01914  9.85038e-01 | 41  0.00947  1.87663e+00 | 42  0.10957  1.29918e-01
 43  0.02664 -5.71579e-02 | 44  0.00912  6.50551e-02 | 45  0.00586  1.24925e-01
 46 -0.00528 -1.48822e-01 | 47 -0.01754 -1.33779e-01 | 48  0.43640  4.12576e+01
 49  0.47167  1.45355e+02 | 50  0.46781  1.69486e+02 | 51 -0.31630 -9.58316e+00
 52 -1.61771 -1.22358e+00 | 53 -0.16324 -4.40691e+00 | 54 -0.37450 -1.78421e+00
 55 -0.44738  1.37880e+00 | 56 -0.56343 -1.52524e+00 | 57  0.09499 -1.80795e+00
 58  0.11128 -4.96668e+00 | 59  0.18335 -3.72872e+00 | 60 -0.13200 -6.52616e-02
 61  1.87187 -1.04357e+00 | 62  1.72400 -7.20372e-01 | 63 -0.16705 -9.20483e-02
 64 -0.07768 -5.13088e-01 | 65  0.07121 -8.30322e-01 | 66  0.08497 -2.37468e+00
 67  0.10183 -7.61847e-01 | 68  0.07550 -1.00611e+00 | 69 -1.87697  3.00549e-02
 70  0.03156 -6.09144e-02 | 71  0.29545 -2.66061e-01 | 72  0.18051 -1.27306e-01
 73  0.26249 -5.12069e-01 | 74  0.13112 -2.48533e-01 | 75 -0.01474 -1.09522e-01
 76 -0.09612  1.90604e-01 | 77 -0.10941 -4.35513e-01 | 78 -0.10069 -5.58374e-01
 79 -0.02565 -7.24778e-01 | 80 -0.02830 -4.99711e-01 | 81 -0.06322 -5.01836e-01
81 variables; iteration 160; function evaluation 189; phase 4
Function value 6.6521149e+01; maximum gradient component mag 3.6603e+02
Var    Value     Gradient |Var    Value     Gradient |Var    Value     Gradient
  1 -1.59068 -1.34593e+01 |  2 -0.28265  3.66029e+02 |  3  0.07766  7.04808e+00
  4 -0.01327  1.10681e+01 |  5  0.02965  4.69916e+01 |  6 -0.00893  1.49055e+01
  7 -0.01139  1.29989e+01 |  8 -0.00698  1.55215e+01 |  9 -0.00621  1.47652e+01
 10 -0.00399  1.49016e+01 | 11 -0.00005  1.65070e+01 | 12  0.00147  1.56332e+01
 13  0.01091  1.82760e+01 | 14  0.03260  3.07355e+01 | 15  0.00205  1.50737e+01
 16 -0.00990  1.21164e+01 | 17 -0.01104  1.15277e+01 | 18 -0.00040  1.50797e+01
 19  0.00131  1.14797e+01 | 20  0.00735  1.16342e+01 | 21  0.00525  9.99229e+00
 22  0.01161  1.08022e+01 | 23  0.07037  2.55706e+01 | 24  0.05372  1.09307e+01
 25  0.01743  9.11500e+00 | 26  0.00730  4.63386e+00 | 27  0.04815  1.34971e+01
 28  0.02268  4.04035e+00 | 29  0.02585  4.19202e+00 | 30  0.03658  8.05400e+00
 31  0.00621  4.19528e+00 | 32 -0.01268  3.22170e+00 | 33 -0.00639  3.37711e+00
 34  0.03971  8.84918e+00 | 35  0.03457  5.78826e+00 | 36  0.02054  4.67876e+00
 37  0.00259  2.11729e+00 | 38 -0.02519  1.47060e+00 | 39 -0.03290  6.54708e-01
 40 -0.02011  8.51226e-01 | 41  0.00717  1.39782e+00 | 42  0.10854  2.61985e+00
 43  0.02712  6.83018e-01 | 44  0.00841  8.40873e-02 | 45  0.00542 -1.88868e-02
 46 -0.00446  1.67037e-01 | 47 -0.01721 -7.77494e-02 | 48  0.44202  2.87307e+01
 49  0.47148  9.76394e+01 | 50  0.46814  1.06514e+02 | 51 -0.23829  1.37635e+00
 52 -1.61497 -4.76475e-01 | 53 -0.14956 -7.08037e+00 | 54 -0.37415  1.02060e+00
 55 -0.45045  4.35734e+00 | 56 -0.56331 -1.17619e+00 | 57  0.05007 -1.24252e+00
 58  0.07420  7.17098e-01 | 59  0.14578 -3.82473e-01 | 60 -0.08405  1.24135e-01
 61  1.83266 -3.81695e-01 | 62  1.68453 -5.54603e-01 | 63 -0.18079 -3.62346e-01
 64 -0.09221 -6.68130e-01 | 65  0.05593 -1.51015e+00 | 66  0.07063 -2.98908e+00
 67  0.08682 -2.77966e+00 | 68  0.06163 -1.93296e+00 | 69 -1.87598 -4.45341e-02
 70  0.02359  9.76957e-02 | 71  0.28741  6.19468e-02 | 72  0.17444  3.12183e-01
 73  0.25486  2.36440e-01 | 74  0.12326  1.90835e-01 | 75 -0.01156  4.33527e-01
 76 -0.09373  1.81316e-01 | 77 -0.10607  1.74031e-01 | 78 -0.09652 -4.85967e-02
 79 -0.02136  2.67086e-01 | 80 -0.02438 -2.54930e-01 | 81 -0.05720  4.81294e-01
81 variables; iteration 180; function evaluation 210; phase 4
Function value 6.6211848e+01; maximum gradient component mag -2.1004e+02
Var    Value     Gradient |Var    Value     Gradient |Var    Value     Gradient
  1 -1.60373  9.62778e+00 |  2 -0.28335 -2.10043e+02 |  3  0.12086 -5.31359e+00
  4 -0.00998 -7.16758e+00 |  5  0.01978  3.45250e+00 |  6 -0.01281 -9.35880e+00
  7 -0.01162 -9.74515e+00 |  8 -0.00811 -9.67926e+00 |  9 -0.00517 -1.03067e+01
 10 -0.00271 -1.11847e+01 | 11 -0.00276 -1.24247e+01 | 12  0.00346 -1.26669e+01
 13  0.00695 -1.47055e+01 | 14  0.04027 -1.28555e+01 | 15 -0.00401 -1.28163e+01
 16 -0.00785 -9.20486e+00 | 17 -0.00962 -8.81512e+00 | 18 -0.00692 -9.29434e+00
 19  0.00175 -8.79081e+00 | 20  0.01179 -7.11334e+00 | 21  0.00990 -6.22265e+00
 22  0.01016 -6.16122e+00 | 23  0.05162 -5.45421e+00 | 24  0.07208 -1.07348e+01
 25  0.00372 -4.30504e+00 | 26  0.01421 -1.55382e+00 | 27  0.03232 -4.61245e+00
 28  0.03042 -1.86612e+00 | 29  0.02623 -1.86864e+00 | 30  0.02772 -2.61664e+00
 31  0.00612 -1.53582e+00 | 32 -0.01470 -1.25752e+00 | 33 -0.00650 -1.14522e+00
 34  0.03186 -3.11876e+00 | 35  0.03707 -1.59514e+00 | 36  0.01447 -2.17598e+00
 37  0.00302 -7.12632e-01 | 38 -0.02703 -4.04710e-01 | 39 -0.03471 -4.75457e-01
 40 -0.02177 -1.28237e-01 | 41  0.00241 -1.20253e+00 | 42  0.10573 -1.34080e+00
 43  0.02689 -4.68974e-01 | 44  0.00796 -2.71293e-01 | 45  0.00451 -1.97187e-01
 46 -0.00564 -2.13116e-01 | 47 -0.01769 -1.03348e-01 | 48  0.44384  2.09356e+01
 49  0.47118 -1.65352e+01 | 50  0.46824 -2.52126e+01 | 51 -0.22177  5.33644e+00
 52 -1.63295 -2.10774e-01 | 53 -0.16855  3.74769e+00 | 54 -0.37939 -1.13070e+00
 55 -0.45665  5.99019e-01 | 56 -0.56463  2.45930e-01 | 57  0.04444  3.26306e+00
 58  0.06672  1.13627e+00 | 59  0.13838  1.44875e+00 | 60 -0.08072 -1.01884e-01
 61  1.84629  1.52706e-01 | 62  1.70160 -3.52812e-02 | 63 -0.17105  8.25339e-02
 64 -0.08378  4.36869e-01 | 65  0.06528  1.12406e+00 | 66  0.08114  1.03073e+00
 67  0.09768  1.59853e+00 | 68  0.07309  9.19709e-01 | 69 -1.87029 -7.91737e-03
 70  0.01996  3.47898e-02 | 71  0.28721 -3.06285e-01 | 72  0.17481 -2.58256e-01
 73  0.25618 -3.89182e-01 | 74  0.12504 -1.33932e-01 | 75 -0.00754  2.95365e-01
 76 -0.08924  1.41899e-01 | 77 -0.10162  1.96660e-01 | 78 -0.09092  2.61063e-01
 79 -0.01648  2.70009e-01 | 80 -0.01875  5.63010e-01 | 81 -0.05248 -2.50346e-02
81 variables; iteration 200; function evaluation 230; phase 4
Function value 6.5798513e+01; maximum gradient component mag 2.4241e+02
Var    Value     Gradient |Var    Value     Gradient |Var    Value     Gradient
  1 -1.60605 -1.15379e+01 |  2 -0.28228  2.42415e+02 |  3  0.13110  6.47414e+00
  4 -0.01278  6.38621e+00 |  5 -0.00183  1.38104e+01 |  6 -0.01090  8.02728e+00
  7 -0.00988  8.56574e+00 |  8 -0.00766  9.43963e+00 |  9 -0.00369  1.08399e+01
 10  0.00003  1.19693e+01 | 11  0.00588  1.51110e+01 | 12  0.00659  1.47925e+01
 13  0.01247  1.58745e+01 | 14  0.03221  2.58414e+01 | 15  0.00455  1.30356e+01
 16 -0.00863  1.02061e+01 | 17 -0.01180  9.00343e+00 | 18 -0.00516  9.95507e+00
 19  0.00131  9.21361e+00 | 20  0.00787  8.92411e+00 | 21  0.00462  6.15255e+00
 22  0.00870  5.52899e+00 | 23  0.05394  1.33255e+01 | 24  0.06183  8.52706e+00
 25  0.01031  5.20131e+00 | 26  0.01027  4.25884e+00 | 27  0.03271  4.27338e+00
 28  0.02592  3.75082e+00 | 29  0.02353  3.32434e+00 | 30  0.02670  3.24194e+00
 31  0.00442  2.45726e+00 | 32 -0.01591  1.57648e+00 | 33 -0.00874  1.53296e+00
 34  0.03207  3.17110e+00 | 35  0.03443  3.17451e+00 | 36  0.01498  1.54982e+00
 37  0.00193  1.46114e+00 | 38 -0.02786  5.81067e-01 | 39 -0.03551  1.80983e-01
 40 -0.02303  2.35955e-01 | 41  0.00227 -3.01361e-01 | 42  0.10446  1.14578e+00
 43  0.02703 -2.76292e-02 | 44  0.00769 -5.61326e-02 | 45  0.00426 -8.87741e-02
 46 -0.00572 -1.81687e-01 | 47 -0.01764 -7.69001e-02 | 48  0.44016 -7.59133e+00
 49  0.47065  1.91106e+01 | 50  0.46799 -2.99098e+00 | 51 -0.26518  3.99406e+00
 52 -1.61485 -2.09939e-02 | 53 -0.15174 -7.13764e-01 | 54 -0.38205 -5.63772e-01
 55 -0.45465  2.80168e+00 | 56 -0.56578 -1.38590e+00 | 57  0.06364  1.52412e+00
 58  0.08463  1.15026e-01 | 59  0.15586 -1.67026e-01 | 60 -0.09653  1.04585e-02
 61  1.84582 -2.08935e-01 | 62  1.70006 -2.18327e-01 | 63 -0.18545  3.00328e-01
 64 -0.09917  4.32510e-02 | 65  0.05111 -6.38373e-03 | 66  0.06752 -1.12179e+00
 67  0.08388 -5.90576e-01 | 68  0.05956 -3.00002e-01 | 69 -1.87002  1.73014e-02
 70  0.01731 -5.00033e-02 | 71  0.28879 -1.86220e-01 | 72  0.17719  7.40296e-02
 73  0.25790 -2.43632e-01 | 74  0.12622 -8.46714e-02 | 75 -0.01024  8.71071e-02
 76 -0.09266 -5.63202e-04 | 77 -0.10483  7.93059e-02 | 78 -0.09413 -1.32487e-02
 79 -0.01960 -1.05944e-01 | 80 -0.02161 -5.47973e-04 | 81 -0.05435 -3.84658e-02
81 variables; iteration 220; function evaluation 250; phase 4
Function value 6.5699754e+01; maximum gradient component mag -4.1710e+01
Var    Value     Gradient |Var    Value     Gradient |Var    Value     Gradient
  1 -1.61053  1.95493e+00 |  2 -0.28232 -4.17096e+01 |  3  0.12076 -1.22843e+00
  4 -0.01041 -1.19281e+00 |  5 -0.00624  6.69100e-01 |  6 -0.00986 -1.50322e+00
  7 -0.00881 -1.71620e+00 |  8 -0.00654 -1.89045e+00 |  9 -0.00302 -2.21567e+00
 10  0.00143 -2.39576e+00 | 11  0.00359 -2.76686e+00 | 12  0.00620 -2.98415e+00
 13  0.01540 -2.84884e+00 | 14  0.02628 -2.20393e+00 | 15  0.00678 -3.06668e+00
 16 -0.00687 -1.40245e+00 | 17 -0.01154 -1.30683e+00 | 18 -0.00695 -1.35940e+00
 19  0.00055 -1.56434e+00 | 20  0.00932 -6.27744e-01 | 21  0.00826 -1.16249e+00
 22  0.01162 -1.53255e+00 | 23  0.03837 -1.20615e+00 | 24  0.07447 -2.71352e+00
 25  0.00418 -1.24511e+00 | 26  0.00743 -1.20008e+00 | 27  0.03617 -1.02405e+00
 28  0.02591 -9.04368e-01 | 29  0.02511 -6.51731e-01 | 30  0.02773 -1.10972e+00
 31  0.00573 -4.24783e-01 | 32 -0.01489 -3.45731e-01 | 33 -0.00798 -5.45184e-01
 34  0.03304 -6.81889e-01 | 35  0.03453 -8.89518e-01 | 36  0.01614 -7.23026e-01
 37  0.00257 -2.60889e-01 | 38 -0.02734 -2.90877e-01 | 39 -0.03499 -2.89547e-01
 40 -0.02322 -4.56901e-01 | 41  0.00376 -2.14108e-01 | 42  0.10412 -1.08642e+00
 43  0.02940  5.41276e-02 | 44  0.00815 -3.17725e-02 | 45  0.00457 -2.17371e-02
 46 -0.00525 -1.99991e-02 | 47 -0.01744  1.89848e-03 | 48  0.43979  4.32549e+00
 49  0.47065 -1.46272e+01 | 50  0.46803 -1.39016e+00 | 51 -0.27262 -1.44077e+00
 52 -1.59926  2.88205e-01 | 53 -0.16234  1.61025e+00 | 54 -0.38312 -3.66840e-01
 55 -0.45701 -9.04178e-02 | 56 -0.56600 -3.30245e-01 | 57  0.06538 -5.89173e-01
 58  0.08671 -7.39241e-02 | 59  0.15774 -3.07867e-01 | 60 -0.09244  1.53959e-02
 61  1.83528  1.02061e-01 | 62  1.68948  6.25949e-02 | 63 -0.17895  1.25838e-01
 64 -0.09268  3.90503e-01 | 65  0.05771  2.92762e-01 | 66  0.07448  3.62462e-01
 67  0.09071  4.08028e-01 | 68  0.06630  3.18638e-01 | 69 -1.86951 -2.67317e-02
 70  0.01654 -2.34057e-02 | 71  0.28936 -1.53905e-02 | 72  0.17764 -6.39292e-02
 73  0.25858 -1.74798e-01 | 74  0.12635 -8.61056e-02 | 75 -0.00877  2.53546e-02
 76 -0.09074  1.80061e-02 | 77 -0.10286  7.57282e-02 | 78 -0.09223  3.23258e-02
 79 -0.01757  1.94800e-01 | 80 -0.01989  1.06667e-01 | 81 -0.05244  9.27643e-02
81 variables; iteration 240; function evaluation 270; phase 4
Function value 6.5686797e+01; maximum gradient component mag -8.7258e-02
Var    Value     Gradient |Var    Value     Gradient |Var    Value     Gradient
  1 -1.61287  3.50541e-03 |  2 -0.28246 -8.72584e-02 |  3  0.12073 -1.60398e-03
  4 -0.01072 -2.76100e-03 |  5 -0.01052 -4.23423e-03 |  6 -0.00991 -3.09829e-03
  7 -0.00867 -3.19162e-03 |  8 -0.00639 -3.86677e-03 |  9 -0.00263 -3.60311e-03
 10  0.00165 -4.23063e-03 | 11  0.00441 -4.29423e-03 | 12  0.00754 -6.62793e-03
 13  0.01593 -5.91153e-03 | 14  0.02330 -6.22421e-03 | 15  0.00930 -4.13170e-03
 16 -0.00715 -5.23373e-03 | 17 -0.01145 -3.39514e-03 | 18 -0.00669 -3.23200e-03
 19  0.00139 -2.79815e-03 | 20  0.00804 -3.23165e-03 | 21  0.00877 -2.46108e-03
 22  0.01326 -1.33098e-03 | 23  0.03707 -1.14462e-03 | 24  0.07466 -3.53422e-03
 25  0.00484 -1.18870e-03 | 26  0.00804 -3.65588e-04 | 27  0.03568 -1.89114e-03
 28  0.02656 -1.18567e-03 | 29  0.02456 -1.36173e-03 | 30  0.02853 -9.94885e-04
 31  0.00547 -1.15973e-03 | 32 -0.01484 -6.09351e-04 | 33 -0.00765 -4.67512e-04
 34  0.03279 -5.11082e-04 | 35  0.03474 -9.94539e-04 | 36  0.01647 -5.60443e-05
 37  0.00246 -6.57668e-04 | 38 -0.02711 -3.73214e-04 | 39 -0.03484 -6.30670e-04
 40 -0.02293 -3.04838e-04 | 41  0.00329 -1.14808e-03 | 42  0.10436 -1.14404e-04
 43  0.02902 -4.61259e-04 | 44  0.00839  5.83926e-06 | 45  0.00467  8.31638e-05
 46 -0.00520  4.68178e-05 | 47 -0.01747  4.41304e-05 | 48  0.44007  4.62646e-03
 49  0.47077 -4.88178e-03 | 50  0.46814 -3.63339e-02 | 51 -0.26951 -1.06274e-03
 52 -1.60544 -3.11878e-04 | 53 -0.16976  2.07522e-03 | 54 -0.38422 -5.75207e-04
 55 -0.45624 -3.77041e-04 | 56 -0.56574  1.42484e-04 | 57  0.06385  3.41006e-04
 58  0.08512  2.30525e-04 | 59  0.15602 -7.37206e-04 | 60 -0.09560 -8.17448e-05
 61  1.84020 -2.81818e-05 | 62  1.69533 -8.75327e-05 | 63 -0.17396  7.06523e-05
 64 -0.08788 -3.73426e-06 | 65  0.06239  5.26269e-04 | 66  0.07943  6.81197e-04
 67  0.09586  9.57151e-04 | 68  0.07147  6.29183e-04 | 69 -1.86903  4.16699e-05
 70  0.01634 -1.06933e-05 | 71  0.28898 -3.45561e-05 | 72  0.17803 -9.61283e-05
 73  0.25948 -2.44598e-04 | 74  0.12720 -1.11248e-04 | 75 -0.00980 -2.93014e-04
 76 -0.09175 -4.46295e-05 | 77 -0.10383 -1.44445e-04 | 78 -0.09312 -1.84869e-04
 79 -0.01859  4.46497e-05 | 80 -0.02079  4.43837e-04 | 81 -0.05353  5.36882e-05

 - final statistics:
81 variables; iteration 255; function evaluation 285
Function value 6.5687e+01; maximum gradient component mag 4.3394e-05
Exit code = 1;  converg criter 1.0000e-04
Var    Value     Gradient |Var    Value     Gradient |Var    Value     Gradient
  1 -1.61287 -2.62262e-06 |  2 -0.28246  4.33938e-05 |  3  0.12072  1.09105e-06
  4 -0.01072  2.79938e-06 |  5 -0.01052  2.12217e-06 |  6 -0.00991  2.31884e-06
  7 -0.00867  3.28812e-06 |  8 -0.00639  2.43798e-06 |  9 -0.00264  3.09274e-06
 10  0.00164  1.66912e-06 | 11  0.00441  2.03819e-07 | 12  0.00755  2.82389e-06
 13  0.01593  2.85093e-06 | 14  0.02330  3.45376e-06 | 15  0.00930  2.08234e-06
 16 -0.00715 -1.26688e-06 | 17 -0.01145  7.12445e-07 | 18 -0.00669  1.32791e-06
 19  0.00139  2.53502e-06 | 20  0.00804 -6.12721e-07 | 21  0.00877  1.34955e-06
 22  0.01326  2.30219e-06 | 23  0.03706  1.05627e-06 | 24  0.07466  2.85829e-06
 25  0.00484  2.50842e-06 | 26  0.00804  1.54720e-06 | 27  0.03568  1.82573e-06
 28  0.02655  1.78901e-06 | 29  0.02456  9.92329e-07 | 30  0.02853 -2.92776e-06
 31  0.00547 -3.09611e-08 | 32 -0.01484 -1.89123e-07 | 33 -0.00765  7.16594e-07
 34  0.03279  2.25059e-06 | 35  0.03474  1.59537e-06 | 36  0.01647  1.59301e-06
 37  0.00246  6.99204e-07 | 38 -0.02711  5.93450e-07 | 39 -0.03484 -1.42573e-07
 40 -0.02293  1.56367e-07 | 41  0.00329 -1.03506e-06 | 42  0.10436  7.73605e-08
 43  0.02903 -8.28611e-07 | 44  0.00839 -1.23570e-07 | 45  0.00467  2.77801e-07
 46 -0.00520  2.57617e-07 | 47 -0.01747  6.97653e-08 | 48  0.44007 -1.89273e-05
 49  0.47077 -1.54503e-05 | 50  0.46814  3.64952e-05 | 51 -0.26951  2.28797e-06
 52 -1.60544 -5.95099e-07 | 53 -0.16976  1.95724e-06 | 54 -0.38423 -1.02515e-06
 55 -0.45624 -2.64031e-06 | 56 -0.56574 -3.53869e-07 | 57  0.06385  2.06153e-06
 58  0.08512 -9.19792e-07 | 59  0.15602 -6.03109e-07 | 60 -0.09559 -7.59135e-09
 61  1.84020 -1.25084e-07 | 62  1.69533 -2.33855e-07 | 63 -0.17396  6.18473e-07
 64 -0.08788  8.15911e-08 | 65  0.06238  4.97699e-07 | 66  0.07943 -2.60728e-07
 67  0.09586  1.30389e-06 | 68  0.07147  4.66972e-07 | 69 -1.86903  4.35441e-08
 70  0.01634  1.90710e-08 | 71  0.28898 -2.10042e-07 | 72  0.17803  4.34906e-08
 73  0.25948 -4.17027e-07 | 74  0.12720 -1.70168e-07 | 75 -0.00980 -1.21612e-06
 76 -0.09175 -1.68356e-07 | 77 -0.10383 -4.78960e-07 | 78 -0.09312 -2.91221e-07
 79 -0.01859 -5.08817e-07 | 80 -0.02079 -1.53040e-08 | 81 -0.05354 -2.76418e-07
Estimating row 1 out of 81 for hessian
Estimating row 2 out of 81 for hessian
Estimating row 3 out of 81 for hessian
Estimating row 4 out of 81 for hessian
Estimating row 5 out of 81 for hessian
Estimating row 6 out of 81 for hessian
Estimating row 7 out of 81 for hessian
Estimating row 8 out of 81 for hessian
Estimating row 9 out of 81 for hessian
Estimating row 10 out of 81 for hessian
Estimating row 11 out of 81 for hessian
Estimating row 12 out of 81 for hessian
Estimating row 13 out of 81 for hessian
Estimating row 14 out of 81 for hessian
Estimating row 15 out of 81 for hessian
Estimating row 16 out of 81 for hessian
Estimating row 17 out of 81 for hessian
Estimating row 18 out of 81 for hessian
Estimating row 19 out of 81 for hessian
Estimating row 20 out of 81 for hessian
Estimating row 21 out of 81 for hessian
Estimating row 22 out of 81 for hessian
Estimating row 23 out of 81 for hessian
Estimating row 24 out of 81 for hessian
Estimating row 25 out of 81 for hessian
Estimating row 26 out of 81 for hessian
Estimating row 27 out of 81 for hessian
Estimating row 28 out of 81 for hessian
Estimating row 29 out of 81 for hessian
Estimating row 30 out of 81 for hessian
Estimating row 31 out of 81 for hessian
Estimating row 32 out of 81 for hessian
Estimating row 33 out of 81 for hessian
Estimating row 34 out of 81 for hessian
Estimating row 35 out of 81 for hessian
Estimating row 36 out of 81 for hessian
Estimating row 37 out of 81 for hessian
Estimating row 38 out of 81 for hessian
Estimating row 39 out of 81 for hessian
Estimating row 40 out of 81 for hessian
Estimating row 41 out of 81 for hessian
Estimating row 42 out of 81 for hessian
Estimating row 43 out of 81 for hessian
Estimating row 44 out of 81 for hessian
Estimating row 45 out of 81 for hessian
Estimating row 46 out of 81 for hessian
Estimating row 47 out of 81 for hessian
Estimating row 48 out of 81 for hessian
Estimating row 49 out of 81 for hessian
Estimating row 50 out of 81 for hessian
Estimating row 51 out of 81 for hessian
Estimating row 52 out of 81 for hessian
Estimating row 53 out of 81 for hessian
Estimating row 54 out of 81 for hessian
Estimating row 55 out of 81 for hessian
Estimating row 56 out of 81 for hessian
Estimating row 57 out of 81 for hessian
Estimating row 58 out of 81 for hessian
Estimating row 59 out of 81 for hessian
Estimating row 60 out of 81 for hessian
Estimating row 61 out of 81 for hessian
Estimating row 62 out of 81 for hessian
Estimating row 63 out of 81 for hessian
Estimating row 64 out of 81 for hessian
Estimating row 65 out of 81 for hessian
Estimating row 66 out of 81 for hessian
Estimating row 67 out of 81 for hessian
Estimating row 68 out of 81 for hessian
Estimating row 69 out of 81 for hessian
Estimating row 70 out of 81 for hessian
Estimating row 71 out of 81 for hessian
Estimating row 72 out of 81 for hessian
Estimating row 73 out of 81 for hessian
Estimating row 74 out of 81 for hessian
Estimating row 75 out of 81 for hessian
Estimating row 76 out of 81 for hessian
Estimating row 77 out of 81 for hessian
Estimating row 78 out of 81 for hessian
Estimating row 79 out of 81 for hessian
Estimating row 80 out of 81 for hessian
Estimating row 81 out of 81 for hessian
size of file gradfil1.tmp = 0
size of file gradfil2.tmp = 0
size of file varssave.tmp = 0
size of file cmpdiff.tmp = 0
